  Main.cpp
D:\repos\BSU-OS-labs\lab3\ThreadSynchronization\Main.cpp(17,42): warning C4311: приведение типов: усечение указателя из "LPVOID" в "int"
D:\repos\BSU-OS-labs\lab3\ThreadSynchronization\Main.cpp(17,42): warning C4302: приведение типов: усечение из "LPVOID" к "int"
D:\repos\BSU-OS-labs\lab3\ThreadSynchronization\Main.cpp(19,8): warning C4311: приведение типов: усечение указателя из "LPVOID" в "int"
D:\repos\BSU-OS-labs\lab3\ThreadSynchronization\Main.cpp(19,8): warning C4302: приведение типов: усечение из "LPVOID" к "int"
D:\repos\BSU-OS-labs\lab3\ThreadSynchronization\Main.cpp(25,25): warning C4311: приведение типов: усечение указателя из "LPVOID" в "int"
D:\repos\BSU-OS-labs\lab3\ThreadSynchronization\Main.cpp(25,25): warning C4302: приведение типов: усечение из "LPVOID" к "int"
D:\repos\BSU-OS-labs\lab3\ThreadSynchronization\Main.cpp(32,44): warning C4311: приведение типов: усечение указателя из "LPVOID" в "int"
D:\repos\BSU-OS-labs\lab3\ThreadSynchronization\Main.cpp(32,44): warning C4302: приведение типов: усечение из "LPVOID" к "int"
D:\repos\BSU-OS-labs\lab3\ThreadSynchronization\Main.cpp(36,32): warning C4311: приведение типов: усечение указателя из "LPVOID" в "int"
D:\repos\BSU-OS-labs\lab3\ThreadSynchronization\Main.cpp(36,32): warning C4302: приведение типов: усечение из "LPVOID" к "int"
D:\repos\BSU-OS-labs\lab3\ThreadSynchronization\Main.cpp(37,35): warning C4311: приведение типов: усечение указателя из "LPVOID" в "int"
D:\repos\BSU-OS-labs\lab3\ThreadSynchronization\Main.cpp(37,35): warning C4302: приведение типов: усечение из "LPVOID" к "int"
D:\repos\BSU-OS-labs\lab3\ThreadSynchronization\Main.cpp(38,52): warning C4311: приведение типов: усечение указателя из "LPVOID" в "int"
D:\repos\BSU-OS-labs\lab3\ThreadSynchronization\Main.cpp(38,52): warning C4302: приведение типов: усечение из "LPVOID" к "int"
D:\repos\BSU-OS-labs\lab3\ThreadSynchronization\Main.cpp(38,85): warning C4311: приведение типов: усечение указателя из "LPVOID" в "int"
D:\repos\BSU-OS-labs\lab3\ThreadSynchronization\Main.cpp(38,85): warning C4302: приведение типов: усечение из "LPVOID" к "int"
D:\repos\BSU-OS-labs\lab3\ThreadSynchronization\Main.cpp(43,20): warning C4311: приведение типов: усечение указателя из "LPVOID" в "int"
D:\repos\BSU-OS-labs\lab3\ThreadSynchronization\Main.cpp(43,20): warning C4302: приведение типов: усечение из "LPVOID" к "int"
D:\repos\BSU-OS-labs\lab3\ThreadSynchronization\Main.cpp(50,35): warning C4311: приведение типов: усечение указателя из "LPVOID" в "int"
D:\repos\BSU-OS-labs\lab3\ThreadSynchronization\Main.cpp(50,35): warning C4302: приведение типов: усечение из "LPVOID" к "int"
D:\repos\BSU-OS-labs\lab3\ThreadSynchronization\Main.cpp(75,47): warning C4312: приведение типов: преобразование из "int" в "LPVOID" большего размера
  Создание кода
  Previous IPDB not found, fall back to full compilation.
  All 19 functions were compiled because no usable IPDB/IOBJ from previous compilation was found.
  Создание кода завершено
  ThreadSynchronization.vcxproj -> D:\repos\BSU-OS-labs\lab3\x64\Release\ThreadSynchronization.exe
